#
# There is insufficient memory for the Java Runtime Environment to continue.
# Native memory allocation (mmap) failed to map 67108864 bytes. Error detail: G1 virtual space
# Possible reasons:
#   The system is out of physical RAM or swap space
#   This process is running with CompressedOops enabled, and the Java Heap may be blocking the growth of the native heap
# Possible solutions:
#   Reduce memory load on the system
#   Increase physical memory or swap space
#   Check if swap backing store is full
#   Decrease Java heap size (-Xmx/-Xms)
#   Decrease number of Java threads
#   Decrease Java thread stack sizes (-Xss)
#   Set larger code cache with -XX:ReservedCodeCacheSize=
#   JVM is running with Unscaled Compressed Oops mode in which the Java heap is
#     placed in the first 4GB address space. The Java Heap base address is the
#     maximum limit for the native heap growth. Please use -XX:HeapBaseMinAddress
#     to set the Java Heap base and to place the Java Heap above 4GB virtual address.
# This output file may be truncated or incomplete.
#
#  Out of Memory Error (os_windows.cpp:3710), pid=6408, tid=9496
#
# JRE version:  (17.0.14+7) (build )
# Java VM: OpenJDK 64-Bit Server VM (17.0.14+7-LTS, mixed mode, sharing, tiered, compressed oops, compressed class ptrs, g1 gc, windows-amd64)
# No core dump will be written. Minidumps are not enabled by default on client versions of Windows
#

---------------  S U M M A R Y ------------

Command Line: -Xmx64m -Xms64m -Dorg.gradle.appname=gradlew org.gradle.wrapper.GradleWrapperMain app:installDebug -PreactNativeDevServerPort=8081

Host: Intel(R) Core(TM) i5-5200U CPU @ 2.20GHz, 4 cores, 3G,  Windows 10 , 64 bit Build 19041 (10.0.19041.5678)
Time: Fri Apr 25 17:36:52 2025 India Standard Time elapsed time: 0.233481 seconds (0d 0h 0m 0s)

---------------  T H R E A D  ---------------

Current thread (0x000002051e7ae290):  JavaThread "Unknown thread" [_thread_in_vm, id=9496, stack(0x00000083f6000000,0x00000083f6100000)]

Stack: [0x00000083f6000000,0x00000083f6100000]
Native frames: (J=compiled Java code, j=interpreted, Vv=VM code, C=native code)
V  [jvm.dll+0x6886b9]
V  [jvm.dll+0x83f6f8]
V  [jvm.dll+0x8411a3]
V  [jvm.dll+0x841813]
V  [jvm.dll+0x2495cf]
V  [jvm.dll+0x6855f9]
V  [jvm.dll+0x679a8a]
V  [jvm.dll+0x30afc7]
V  [jvm.dll+0x312536]
V  [jvm.dll+0x362eee]
V  [jvm.dll+0x36312d]
V  [jvm.dll+0x2e225c]
V  [jvm.dll+0x2e3174]
V  [jvm.dll+0x8115fb]
V  [jvm.dll+0x370c01]
V  [jvm.dll+0x7f00ef]
V  [jvm.dll+0x3f76ff]
V  [jvm.dll+0x3f9231]
C  [jli.dll+0x52a0]
C  [ucrtbase.dll+0x21bb2]
C  [KERNEL32.DLL+0x17374]
C  [ntdll.dll+0x4cc91]


---------------  P R O C E S S  ---------------

Threads class SMR info:
_java_thread_list=0x00007ffb88d1efd8, length=0, elements={
}

Java Threads: ( => current thread )

Other Threads:
  0x000002051e7cd850 GCTaskThread "GC Thread#0" [stack: 0x00000083f6100000,0x00000083f6200000] [id=11676]
  0x000002051e7cefa0 ConcurrentGCThread "G1 Main Marker" [stack: 0x00000083f6200000,0x00000083f6300000] [id=8756]
  0x000002051e7cf9c0 ConcurrentGCThread "G1 Conc#0" [stack: 0x00000083f6300000,0x00000083f6400000] [id=4636]

[error occurred during error reporting (printing all threads), id 0xc0000005, EXCEPTION_ACCESS_VIOLATION (0xc0000005) at pc=0x00007ffb884d2db7]

VM state: not at safepoint (not fully initialized)

VM Mutex/Monitor currently owned by a thread:  ([mutex/lock_event])
[0x000002051e7a9c10] Heap_lock - owner thread: 0x000002051e7ae290

Heap address: 0x00000000fc000000, size: 64 MB, Compressed Oops mode: 32-bit

CDS archive(s) mapped at: [0x0000000000000000-0x0000000000000000-0x0000000000000000), size 0, SharedBaseAddress: 0x0000000800000000, ArchiveRelocationMode: 1.
Narrow klass base: 0x0000000000000000, Narrow klass shift: 0, Narrow klass range: 0x0

GC Precious Log:
<Empty>

Heap:
 garbage-first heap   total 0K, used 0K [0x00000000fc000000, 0x0000000100000000)
  region size 1024K, 0 young (0K), 0 survivors (0K)

[error occurred during error reporting (printing heap information), id 0xc0000005, EXCEPTION_ACCESS_VIOLATION (0xc0000005) at pc=0x00007ffb888c22e9]

GC Heap History (0 events):
No events

Dll operation events (1 events):
Event: 0.048 Loaded shared library C:\Program Files\Microsoft\jdk-17.0.14.7-hotspot\bin\java.dll

Deoptimization events (0 events):
No events

Classes loaded (0 events):
No events

Classes unloaded (0 events):
No events

Classes redefined (0 events):
No events

Internal exceptions (0 events):
No events

VM Operations (0 events):
No events

Memory protections (0 events):
No events

Nmethod flushes (0 events):
No events

Events (0 events):
No events


Dynamic libraries:
0x00007ff77dd50000 - 0x00007ff77dd5e000 	C:\Program Files\Microsoft\jdk-17.0.14.7-hotspot\bin\java.exe
0x00007ffbf8e90000 - 0x00007ffbf9088000 	C:\Windows\SYSTEM32\ntdll.dll
0x00007ffbf8a40000 - 0x00007ffbf8b02000 	C:\Windows\System32\KERNEL32.DLL
0x00007ffbf6b10000 - 0x00007ffbf6e06000 	C:\Windows\System32\KERNELBASE.dll
0x00007ffbf66e0000 - 0x00007ffbf67e0000 	C:\Windows\System32\ucrtbase.dll
0x00007ffbe4440000 - 0x00007ffbe4457000 	C:\Program Files\Microsoft\jdk-17.0.14.7-hotspot\bin\jli.dll
0x00007ffbf8cb0000 - 0x00007ffbf8e4d000 	C:\Windows\System32\USER32.dll
0x00007ffbf6680000 - 0x00007ffbf66a2000 	C:\Windows\System32\win32u.dll
0x00007ffbf8ba0000 - 0x00007ffbf8bcb000 	C:\Windows\System32\GDI32.dll
0x00007ffbf69f0000 - 0x00007ffbf6b0a000 	C:\Windows\System32\gdi32full.dll
0x00007ffbf6e10000 - 0x00007ffbf6ead000 	C:\Windows\System32\msvcp_win.dll
0x00007ffbe4520000 - 0x00007ffbe453d000 	C:\Program Files\Microsoft\jdk-17.0.14.7-hotspot\bin\VCRUNTIME140.dll
0x00007ffbed540000 - 0x00007ffbed7da000 	C:\Windows\WinSxS\amd64_microsoft.windows.common-controls_6595b64144ccf1df_6.0.19041.4355_none_60b8b9eb71f62e16\COMCTL32.dll
0x00007ffbf6eb0000 - 0x00007ffbf6f4e000 	C:\Windows\System32\msvcrt.dll
0x00007ffbf7c20000 - 0x00007ffbf7c4f000 	C:\Windows\System32\IMM32.DLL
0x00007ffbe4d80000 - 0x00007ffbe4d8c000 	C:\Program Files\Microsoft\jdk-17.0.14.7-hotspot\bin\vcruntime140_1.dll
0x00007ffbdd110000 - 0x00007ffbdd19d000 	C:\Program Files\Microsoft\jdk-17.0.14.7-hotspot\bin\msvcp140.dll
0x00007ffb881e0000 - 0x00007ffb88e52000 	C:\Program Files\Microsoft\jdk-17.0.14.7-hotspot\bin\server\jvm.dll
0x00007ffbf7b70000 - 0x00007ffbf7c1f000 	C:\Windows\System32\ADVAPI32.dll
0x00007ffbf7160000 - 0x00007ffbf71ff000 	C:\Windows\System32\sechost.dll
0x00007ffbf7260000 - 0x00007ffbf7383000 	C:\Windows\System32\RPCRT4.dll
0x00007ffbf66b0000 - 0x00007ffbf66d7000 	C:\Windows\System32\bcrypt.dll
0x00007ffbf7b00000 - 0x00007ffbf7b6b000 	C:\Windows\System32\WS2_32.dll
0x00007ffbf5ab0000 - 0x00007ffbf5afb000 	C:\Windows\SYSTEM32\POWRPROF.dll
0x00007ffbed7e0000 - 0x00007ffbed807000 	C:\Windows\SYSTEM32\WINMM.dll
0x00007ffbed810000 - 0x00007ffbed81a000 	C:\Windows\SYSTEM32\VERSION.dll
0x00007ffbf5920000 - 0x00007ffbf5932000 	C:\Windows\SYSTEM32\UMPDC.dll
0x00007ffbf43a0000 - 0x00007ffbf43b2000 	C:\Windows\SYSTEM32\kernel.appcore.dll
0x00007ffbe4670000 - 0x00007ffbe467a000 	C:\Program Files\Microsoft\jdk-17.0.14.7-hotspot\bin\jimage.dll
0x00007ffbe7660000 - 0x00007ffbe7844000 	C:\Windows\SYSTEM32\DBGHELP.DLL
0x00007ffbe32d0000 - 0x00007ffbe3304000 	C:\Windows\SYSTEM32\dbgcore.DLL
0x00007ffbf6910000 - 0x00007ffbf6992000 	C:\Windows\System32\bcryptPrimitives.dll
0x00007ffbdddd0000 - 0x00007ffbdddf5000 	C:\Program Files\Microsoft\jdk-17.0.14.7-hotspot\bin\java.dll

dbghelp: loaded successfully - version: 4.0.5 - missing functions: none
symbol engine: initialized successfully - sym options: 0x614 - pdb path: .;C:\Program Files\Microsoft\jdk-17.0.14.7-hotspot\bin;C:\Windows\SYSTEM32;C:\Windows\WinSxS\amd64_microsoft.windows.common-controls_6595b64144ccf1df_6.0.19041.4355_none_60b8b9eb71f62e16;C:\Program Files\Microsoft\jdk-17.0.14.7-hotspot\bin\server

VM Arguments:
jvm_args: -Xmx64m -Xms64m -Dorg.gradle.appname=gradlew 
java_command: org.gradle.wrapper.GradleWrapperMain app:installDebug -PreactNativeDevServerPort=8081
java_class_path (initial): C:\Users\Admin\Desktop\sample\android\\gradle\wrapper\gradle-wrapper.jar
Launcher Type: SUN_STANDARD

[Global flags]
     intx CICompilerCount                          = 3                                         {product} {ergonomic}
     uint ConcGCThreads                            = 1                                         {product} {ergonomic}
     uint G1ConcRefinementThreads                  = 4                                         {product} {ergonomic}
   size_t G1HeapRegionSize                         = 1048576                                   {product} {ergonomic}
    uintx GCDrainStackTargetSize                   = 64                                        {product} {ergonomic}
   size_t InitialHeapSize                          = 67108864                                  {product} {command line}
   size_t MarkStackSize                            = 4194304                                   {product} {ergonomic}
   size_t MaxHeapSize                              = 67108864                                  {product} {command line}
   size_t MinHeapDeltaBytes                        = 1048576                                   {product} {ergonomic}
   size_t MinHeapSize                              = 67108864                                  {product} {command line}
    uintx NonNMethodCodeHeapSize                   = 5832780                                {pd product} {ergonomic}
    uintx NonProfiledCodeHeapSize                  = 122912730                              {pd product} {ergonomic}
    uintx ProfiledCodeHeapSize                     = 122912730                              {pd product} {ergonomic}
    uintx ReservedCodeCacheSize                    = 251658240                              {pd product} {ergonomic}
     bool SegmentedCodeCache                       = true                                      {product} {ergonomic}
   size_t SoftMaxHeapSize                          = 67108864                               {manageable} {ergonomic}
     bool UseCompressedClassPointers               = true                           {product lp64_product} {ergonomic}
     bool UseCompressedOops                        = true                           {product lp64_product} {ergonomic}
     bool UseG1GC                                  = true                                      {product} {ergonomic}
     bool UseLargePagesIndividualAllocation        = false                                  {pd product} {ergonomic}

Logging:
Log output configuration:
 #0: stdout all=warning uptime,level,tags
 #1: stderr all=off uptime,level,tags

Environment Variables:
JAVA_HOME=C:\Program Files\Microsoft\jdk-17.0.14.7-hotspot\
CLASSPATH=C:\Users\Admin\Desktop\sample\android\\gradle\wrapper\gradle-wrapper.jar
PATH=C:\Users\Admin\Desktop\sample\node_modules\.bin;C:\Users\Admin\Desktop\sample\node_modules\.bin;C:\Users\Admin\Desktop\node_modules\.bin;C:\Users\Admin\node_modules\.bin;C:\Users\node_modules\.bin;C:\node_modules\.bin;C:\Program Files\nodejs\node_modules\npm\node_modules\@npmcli\run-script\lib\node-gyp-bin;C:\Program Files\Eclipse Adoptium\jdk-8.0.442.6-hotspot\bin;C:\Program Files\Microsoft\jdk-17.0.14.7-hotspot\bin;C:\Python313\Scripts\;C:\Python313\;C:\Windows\system32;C:\Windows;C:\Windows\System32\Wbem;C:\Windows\System32\WindowsPowerShell\v1.0\;C:\Windows\System32\OpenSSH\;C:\ProgramData\chocolatey\bin;C:\Program Files\nodejs\;C:\Program Files (x86)\Microsoft SQL Server\100\Tools\Binn\;C:\Program Files (x86)\Microsoft SQL Server\100\DTS\Binn\;C:\Program Files (x86)\Microsoft SQL Server\100\Tools\Binn\VSShell\Common7\IDE\;C:\Users\Admin\AppData\Local\Microsoft\WindowsApps;C:\Users\Admin\AppData\Local\Programs\Microsoft VS Code\bin;C:\Users\Admin\AppData\Roaming\npm
USERNAME=Admin
OS=Windows_NT
PROCESSOR_IDENTIFIER=Intel64 Family 6 Model 61 Stepping 4, GenuineIntel
TMP=C:\Users\Admin\AppData\Local\Temp
TEMP=C:\Users\Admin\AppData\Local\Temp



Periodic native trim disabled


---------------  S Y S T E M  ---------------

OS:
 Windows 10 , 64 bit Build 19041 (10.0.19041.5678)
OS uptime: 1 days 4:08 hours

CPU: total 4 (initial active 4) (2 cores per cpu, 2 threads per core) family 6 model 61 stepping 4 microcode 0x2d, cx8, cmov, fxsr, ht, mmx, 3dnowpref, sse, sse2, sse3, ssse3, sse4.1, sse4.2, popcnt, lzcnt, tsc, tscinvbit, avx, avx2, aes, erms, clmul, bmi1, bmi2, adx, fma, vzeroupper, clflush
Processor Information for the first 4 processors :
  Max Mhz: 2201, Current Mhz: 2200, Mhz Limit: 2178

Memory: 4k page, system-wide physical 4007M (223M free)
TotalPageFile size 16295M (AvailPageFile size 31M)
current process WorkingSet (physical memory assigned to process): 9M, peak: 9M
current process commit charge ("private bytes"): 51M, peak: 115M

vm_info: OpenJDK 64-Bit Server VM (17.0.14+7-LTS) for windows-amd64 JRE (17.0.14+7-LTS), built on Jan  8 2025 23:39:28 by "MicrosoftCorporation" with unknown MS VC++:1939

END.
