#
# There is insufficient memory for the Java Runtime Environment to continue.
# Native memory allocation (malloc) failed to allocate 946736 bytes. Error detail: Chunk::new
# Possible reasons:
#   The system is out of physical RAM or swap space
#   This process is running with CompressedOops enabled, and the Java Heap may be blocking the growth of the native heap
# Possible solutions:
#   Reduce memory load on the system
#   Increase physical memory or swap space
#   Check if swap backing store is full
#   Decrease Java heap size (-Xmx/-Xms)
#   Decrease number of Java threads
#   Decrease Java thread stack sizes (-Xss)
#   Set larger code cache with -XX:ReservedCodeCacheSize=
#   JVM is running with Unscaled Compressed Oops mode in which the Java heap is
#     placed in the first 4GB address space. The Java Heap base address is the
#     maximum limit for the native heap growth. Please use -XX:HeapBaseMinAddress
#     to set the Java Heap base and to place the Java Heap above 4GB virtual address.
# This output file may be truncated or incomplete.
#
#  Out of Memory Error (arena.cpp:191), pid=15468, tid=14464
#
# JRE version: OpenJDK Runtime Environment Microsoft-10800295 (17.0.14+7) (build 17.0.14+7-LTS)
# Java VM: OpenJDK 64-Bit Server VM Microsoft-10800295 (17.0.14+7-LTS, mixed mode, sharing, tiered, compressed oops, compressed class ptrs, g1 gc, windows-amd64)
# No core dump will be written. Minidumps are not enabled by default on client versions of Windows
#

---------------  S U M M A R Y ------------

Command Line: --add-opens=java.base/java.lang=ALL-UNNAMED --add-opens=java.base/java.lang.invoke=ALL-UNNAMED --add-opens=java.base/java.util=ALL-UNNAMED --add-opens=java.prefs/java.util.prefs=ALL-UNNAMED --add-exports=jdk.compiler/com.sun.tools.javac.api=ALL-UNNAMED --add-exports=jdk.compiler/com.sun.tools.javac.util=ALL-UNNAMED --add-opens=java.base/java.util=ALL-UNNAMED --add-opens=java.prefs/java.util.prefs=ALL-UNNAMED --add-opens=java.base/java.nio.charset=ALL-UNNAMED --add-opens=java.base/java.net=ALL-UNNAMED --add-opens=java.base/java.util.concurrent.atomic=ALL-UNNAMED --add-opens=java.xml/javax.xml.namespace=ALL-UNNAMED -XX:MaxMetaspaceSize=512m -Xmx2048m -Dfile.encoding=windows-1252 -Duser.country=IN -Duser.language=en -Duser.variant -javaagent:C:\Users\Admin\.gradle\wrapper\dists\gradle-8.13-bin\5xuhj0ry160q40clulazy9h7d\gradle-8.13\lib\agents\gradle-instrumentation-agent-8.13.jar org.gradle.launcher.daemon.bootstrap.GradleDaemon 8.13

Host: Intel(R) Core(TM) i5-5200U CPU @ 2.20GHz, 4 cores, 7G,  Windows 10 , 64 bit Build 19041 (10.0.19041.5794)
Time: Fri Jun 13 14:05:02 2025 India Standard Time elapsed time: 23.469792 seconds (0d 0h 0m 23s)

---------------  T H R E A D  ---------------

Current thread (0x000002c9c705d720):  JavaThread "C2 CompilerThread0" daemon [_thread_in_native, id=14464, stack(0x000000d3da600000,0x000000d3da700000)]


Current CompileTask:
C2:  23469 4166   !   4       java.net.URLClassLoader$1::run (81 bytes)

Stack: [0x000000d3da600000,0x000000d3da700000]
Native frames: (J=compiled Java code, j=interpreted, Vv=VM code, C=native code)
V  [jvm.dll+0x6886b9]
V  [jvm.dll+0x83f6f8]
V  [jvm.dll+0x8411a3]
V  [jvm.dll+0x841813]
V  [jvm.dll+0x2495cf]
V  [jvm.dll+0xad0d4]
V  [jvm.dll+0xad76c]
V  [jvm.dll+0x2b0d0f]
V  [jvm.dll+0x58e669]
V  [jvm.dll+0x223852]
V  [jvm.dll+0x223c4f]
V  [jvm.dll+0x21c9f0]
V  [jvm.dll+0x219b1b]
V  [jvm.dll+0x1a5596]
V  [jvm.dll+0x22a27a]
V  [jvm.dll+0x2283bb]
V  [jvm.dll+0x7f4f48]
V  [jvm.dll+0x7ef2ac]
V  [jvm.dll+0x687597]
C  [ucrtbase.dll+0x21bb2]
C  [KERNEL32.DLL+0x17374]
C  [ntdll.dll+0x4cc91]


---------------  P R O C E S S  ---------------

Threads class SMR info:
_java_thread_list=0x000002c9e9ad9f70, length=34, elements={
0x000002c9a723d7f0, 0x000002c9c7041320, 0x000002c9c70420b0, 0x000002c9c7058fa0,
0x000002c9c705b980, 0x000002c9c705c250, 0x000002c9c705cb20, 0x000002c9c705d720,
0x000002c9c7061050, 0x000002c9c70c97d0, 0x000002c9c7028cc0, 0x000002c9c71ab4e0,
0x000002c9e7bce180, 0x000002c9e796ba10, 0x000002c9e74ecf40, 0x000002c9e7261b60,
0x000002c9e7c9d820, 0x000002c9e7c9c3e0, 0x000002c9e7c9b9c0, 0x000002c9e7c9c8f0,
0x000002c9e7c9d310, 0x000002c9e7c9ce00, 0x000002c9e7c9a070, 0x000002c9e7c9a580,
0x000002c9e7c9aa90, 0x000002c9e7c9b4b0, 0x000002c9e7c9bed0, 0x000002c9ea145160,
0x000002c9ea140570, 0x000002c9ea142df0, 0x000002c9ea140060, 0x000002c9ea1414a0,
0x000002c9ea1465a0, 0x000002c9ea1479e0
}

Java Threads: ( => current thread )
  0x000002c9a723d7f0 JavaThread "main" [_thread_blocked, id=8252, stack(0x000000d3d9900000,0x000000d3d9a00000)]
  0x000002c9c7041320 JavaThread "Reference Handler" daemon [_thread_blocked, id=14628, stack(0x000000d3da000000,0x000000d3da100000)]
  0x000002c9c70420b0 JavaThread "Finalizer" daemon [_thread_blocked, id=3960, stack(0x000000d3da100000,0x000000d3da200000)]
  0x000002c9c7058fa0 JavaThread "Signal Dispatcher" daemon [_thread_blocked, id=3480, stack(0x000000d3da200000,0x000000d3da300000)]
  0x000002c9c705b980 JavaThread "Attach Listener" daemon [_thread_blocked, id=17340, stack(0x000000d3da300000,0x000000d3da400000)]
  0x000002c9c705c250 JavaThread "Service Thread" daemon [_thread_blocked, id=14704, stack(0x000000d3da400000,0x000000d3da500000)]
  0x000002c9c705cb20 JavaThread "Monitor Deflation Thread" daemon [_thread_blocked, id=10340, stack(0x000000d3da500000,0x000000d3da600000)]
=>0x000002c9c705d720 JavaThread "C2 CompilerThread0" daemon [_thread_in_native, id=14464, stack(0x000000d3da600000,0x000000d3da700000)]
  0x000002c9c7061050 JavaThread "C1 CompilerThread0" daemon [_thread_blocked, id=1724, stack(0x000000d3da700000,0x000000d3da800000)]
  0x000002c9c70c97d0 JavaThread "Sweeper thread" daemon [_thread_blocked, id=14448, stack(0x000000d3da800000,0x000000d3da900000)]
  0x000002c9c7028cc0 JavaThread "Common-Cleaner" daemon [_thread_blocked, id=9936, stack(0x000000d3da900000,0x000000d3daa00000)]
  0x000002c9c71ab4e0 JavaThread "Notification Thread" daemon [_thread_blocked, id=6572, stack(0x000000d3daa00000,0x000000d3dab00000)]
  0x000002c9e7bce180 JavaThread "Daemon health stats" [_thread_blocked, id=14056, stack(0x000000d3db000000,0x000000d3db100000)]
  0x000002c9e796ba10 JavaThread "Incoming local TCP Connector on port 53988" [_thread_in_native, id=17096, stack(0x000000d3db100000,0x000000d3db200000)]
  0x000002c9e74ecf40 JavaThread "Daemon periodic checks" [_thread_blocked, id=6416, stack(0x000000d3db200000,0x000000d3db300000)]
  0x000002c9e7261b60 JavaThread "Daemon" [_thread_blocked, id=16708, stack(0x000000d3db300000,0x000000d3db400000)]
  0x000002c9e7c9d820 JavaThread "Handler for socket connection from /127.0.0.1:53988 to /127.0.0.1:53989" [_thread_in_native, id=7068, stack(0x000000d3db400000,0x000000d3db500000)]
  0x000002c9e7c9c3e0 JavaThread "Cancel handler" [_thread_blocked, id=2776, stack(0x000000d3db500000,0x000000d3db600000)]
  0x000002c9e7c9b9c0 JavaThread "Daemon worker" [_thread_in_vm, id=16904, stack(0x000000d3db600000,0x000000d3db700000)]
  0x000002c9e7c9c8f0 JavaThread "Asynchronous log dispatcher for DefaultDaemonConnection: socket connection from /127.0.0.1:53988 to /127.0.0.1:53989" [_thread_blocked, id=7776, stack(0x000000d3db700000,0x000000d3db800000)]
  0x000002c9e7c9d310 JavaThread "Stdin handler" [_thread_blocked, id=18096, stack(0x000000d3db800000,0x000000d3db900000)]
  0x000002c9e7c9ce00 JavaThread "Daemon client event forwarder" [_thread_blocked, id=4380, stack(0x000000d3db900000,0x000000d3dba00000)]
  0x000002c9e7c9a070 JavaThread "Cache worker for journal cache (C:\Users\Admin\.gradle\caches\journal-1)" [_thread_blocked, id=11804, stack(0x000000d3dba00000,0x000000d3dbb00000)]
  0x000002c9e7c9a580 JavaThread "File lock request listener" [_thread_in_native, id=9700, stack(0x000000d3dbb00000,0x000000d3dbc00000)]
  0x000002c9e7c9aa90 JavaThread "Cache worker for file hash cache (C:\Users\Admin\.gradle\caches\8.13\fileHashes)" [_thread_blocked, id=1696, stack(0x000000d3dbc00000,0x000000d3dbd00000)]
  0x000002c9e7c9b4b0 JavaThread "Cache worker for file hash cache (C:\Users\Admin\Desktop\sample\android\.gradle\8.13\fileHashes)" [_thread_blocked, id=9832, stack(0x000000d3dbd00000,0x000000d3dbe00000)]
  0x000002c9e7c9bed0 JavaThread "Cache worker for Build Output Cleanup Cache (C:\Users\Admin\Desktop\sample\android\.gradle\buildOutputCleanup)" [_thread_blocked, id=8124, stack(0x000000d3dbe00000,0x000000d3dbf00000)]
  0x000002c9ea145160 JavaThread "File watcher server" daemon [_thread_in_native, id=8980, stack(0x000000d3dbf00000,0x000000d3dc000000)]
  0x000002c9ea140570 JavaThread "File watcher consumer" daemon [_thread_blocked, id=17948, stack(0x000000d3dc000000,0x000000d3dc100000)]
  0x000002c9ea142df0 JavaThread "jar transforms" [_thread_blocked, id=16080, stack(0x000000d3dc300000,0x000000d3dc400000)]
  0x000002c9ea140060 JavaThread "Cache worker for checksums cache (C:\Users\Admin\Desktop\sample\android\.gradle\8.13\checksums)" [_thread_blocked, id=6556, stack(0x000000d3dc400000,0x000000d3dc500000)]
  0x000002c9ea1414a0 JavaThread "Cache worker for file content cache (C:\Users\Admin\.gradle\caches\8.13\fileContent)" [_thread_blocked, id=1812, stack(0x000000d3dc500000,0x000000d3dc600000)]
  0x000002c9ea1465a0 JavaThread "Cache worker for cache directory md-supplier (C:\Users\Admin\.gradle\caches\8.13\md-supplier)" [_thread_blocked, id=476, stack(0x000000d3dc600000,0x000000d3dc700000)]
  0x000002c9ea1479e0 JavaThread "Cache worker for cache directory md-rule (C:\Users\Admin\.gradle\caches\8.13\md-rule)" [_thread_blocked, id=9208, stack(0x000000d3dc700000,0x000000d3dc800000)]

Other Threads:
  0x000002c9c7038cf0 VMThread "VM Thread" [stack: 0x000000d3d9f00000,0x000000d3da000000] [id=8180] _threads_hazard_ptr=0x000002c9e9ad9f70
  0x000002c9c71e9330 WatcherThread [stack: 0x000000d3dab00000,0x000000d3dac00000] [id=14060]
  0x000002c9a94bf7f0 GCTaskThread "GC Thread#0" [stack: 0x000000d3d9a00000,0x000000d3d9b00000] [id=14780]
  0x000002c9c7314350 GCTaskThread "GC Thread#1" [stack: 0x000000d3dac00000,0x000000d3dad00000] [id=2716]
  0x000002c9c7314610 GCTaskThread "GC Thread#2" [stack: 0x000000d3dad00000,0x000000d3dae00000] [id=11392]
  0x000002c9c7c32e10 GCTaskThread "GC Thread#3" [stack: 0x000000d3dae00000,0x000000d3daf00000] [id=5460]
  0x000002c9a731e680 ConcurrentGCThread "G1 Main Marker" [stack: 0x000000d3d9b00000,0x000000d3d9c00000] [id=15804]
  0x000002c9a94cbf70 ConcurrentGCThread "G1 Conc#0" [stack: 0x000000d3d9c00000,0x000000d3d9d00000] [id=4860]
  0x000002c9c6ef20b0 ConcurrentGCThread "G1 Refine#0" [stack: 0x000000d3d9d00000,0x000000d3d9e00000] [id=13276]
  0x000002c9c78fb660 ConcurrentGCThread "G1 Refine#1" [stack: 0x000000d3daf00000,0x000000d3db000000] [id=7828]
  0x000002c9e9d00000 ConcurrentGCThread "G1 Refine#2" [stack: 0x000000d3dc100000,0x000000d3dc200000] [id=15784]
  0x000002c9e9529180 ConcurrentGCThread "G1 Refine#3" [stack: 0x000000d3dc200000,0x000000d3dc300000] [id=12332]
  0x000002c9c6ef2790 ConcurrentGCThread "G1 Service" [stack: 0x000000d3d9e00000,0x000000d3d9f00000] [id=17772]

Threads with active compile tasks:
C2 CompilerThread0    23532 4166   !   4       java.net.URLClassLoader$1::run (81 bytes)

VM state: synchronizing (normal execution)

VM Mutex/Monitor currently owned by a thread:  ([mutex/lock_event])
[0x000002c9a945eca0] Threads_lock - owner thread: 0x000002c9c7038cf0
[0x000002c9a945e4c0] Heap_lock - owner thread: 0x000002c9a731e680

Heap address: 0x0000000080000000, size: 2048 MB, Compressed Oops mode: 32-bit

CDS archive(s) mapped at: [0x000002c9c8000000-0x000002c9c8bb0000-0x000002c9c8bb0000), size 12255232, SharedBaseAddress: 0x000002c9c8000000, ArchiveRelocationMode: 1.
Compressed class space mapped at: 0x000002c9c9000000-0x000002c9e3000000, reserved size: 436207616
Narrow klass base: 0x000002c9c8000000, Narrow klass shift: 0, Narrow klass range: 0x100000000

GC Precious Log:
 CPUs: 4 total, 4 available
 Memory: 8103M
 Large Page Support: Disabled
 NUMA Support: Disabled
 Compressed Oops: Enabled (32-bit)
 Heap Region Size: 1M
 Heap Min Capacity: 8M
 Heap Initial Capacity: 128M
 Heap Max Capacity: 2G
 Pre-touch: Disabled
 Parallel Workers: 4
 Concurrent Workers: 1
 Concurrent Refinement Workers: 4
 Periodic GC: Disabled

Heap:
 garbage-first heap   total 86016K, used 31390K [0x0000000080000000, 0x0000000100000000)
  region size 1024K, 3 young (3072K), 2 survivors (2048K)
 Metaspace       used 35637K, committed 36096K, reserved 491520K
  class space    used 4947K, committed 5184K, reserved 425984K

Heap Regions: E=young(eden), S=young(survivor), O=old, HS=humongous(starts), HC=humongous(continues), CS=collection set, F=free, OA=open archive, CA=closed archive, TAMS=top-at-mark-start (previous, next)
|   0|0x0000000080000000, 0x0000000080100000, 0x0000000080100000|100%|HS|  |TAMS 0x0000000080100000, 0x0000000080100000| Complete 
|   1|0x0000000080100000, 0x0000000080200000, 0x0000000080200000|100%|HC|  |TAMS 0x0000000080200000, 0x0000000080200000| Complete 
|   2|0x0000000080200000, 0x0000000080300000, 0x0000000080300000|100%|HC|  |TAMS 0x0000000080300000, 0x0000000080300000| Complete 
|   3|0x0000000080300000, 0x0000000080400000, 0x0000000080400000|100%| O|  |TAMS 0x0000000080400000, 0x0000000080400000| Untracked 
|   4|0x0000000080400000, 0x0000000080500000, 0x0000000080500000|100%| O|  |TAMS 0x0000000080500000, 0x0000000080500000| Untracked 
|   5|0x0000000080500000, 0x0000000080600000, 0x0000000080600000|100%| O|  |TAMS 0x0000000080600000, 0x0000000080600000| Untracked 
|   6|0x0000000080600000, 0x0000000080700000, 0x0000000080700000|100%| O|  |TAMS 0x0000000080700000, 0x0000000080700000| Untracked 
|   7|0x0000000080700000, 0x0000000080800000, 0x0000000080800000|100%|HS|  |TAMS 0x0000000080800000, 0x0000000080800000| Complete 
|   8|0x0000000080800000, 0x0000000080900000, 0x0000000080900000|100%| O|  |TAMS 0x0000000080900000, 0x0000000080900000| Untracked 
|   9|0x0000000080900000, 0x0000000080a00000, 0x0000000080a00000|100%| O|  |TAMS 0x0000000080a00000, 0x0000000080a00000| Untracked 
|  10|0x0000000080a00000, 0x0000000080b00000, 0x0000000080b00000|100%| O|  |TAMS 0x0000000080b00000, 0x0000000080b00000| Untracked 
|  11|0x0000000080b00000, 0x0000000080c00000, 0x0000000080c00000|100%| O|  |TAMS 0x0000000080c00000, 0x0000000080c00000| Untracked 
|  12|0x0000000080c00000, 0x0000000080d00000, 0x0000000080d00000|100%| O|  |TAMS 0x0000000080d00000, 0x0000000080d00000| Untracked 
|  13|0x0000000080d00000, 0x0000000080e00000, 0x0000000080e00000|100%| O|  |TAMS 0x0000000080e00000, 0x0000000080e00000| Untracked 
|  14|0x0000000080e00000, 0x0000000080f00000, 0x0000000080f00000|100%| O|  |TAMS 0x0000000080f00000, 0x0000000080f00000| Untracked 
|  15|0x0000000080f00000, 0x0000000080f00000, 0x0000000081000000|  0%| F|  |TAMS 0x0000000080f00000, 0x0000000080f00000| Untracked 
|  16|0x0000000081000000, 0x0000000081100000, 0x0000000081100000|100%| O|  |TAMS 0x0000000081000000, 0x0000000081100000| Untracked 
|  17|0x0000000081100000, 0x0000000081200000, 0x0000000081200000|100%| O|  |TAMS 0x0000000081100000, 0x0000000081200000| Untracked 
|  18|0x0000000081200000, 0x0000000081300000, 0x0000000081300000|100%| O|  |TAMS 0x0000000081200000, 0x0000000081300000| Untracked 
|  19|0x0000000081300000, 0x0000000081400000, 0x0000000081400000|100%| O|  |TAMS 0x0000000081300000, 0x0000000081400000| Untracked 
|  20|0x0000000081400000, 0x0000000081500000, 0x0000000081500000|100%| O|  |TAMS 0x0000000081400000, 0x0000000081500000| Untracked 
|  21|0x0000000081500000, 0x0000000081600000, 0x0000000081600000|100%| O|  |TAMS 0x0000000081500000, 0x0000000081600000| Untracked 
|  22|0x0000000081600000, 0x0000000081700000, 0x0000000081700000|100%| O|  |TAMS 0x0000000081600000, 0x0000000081700000| Untracked 
|  23|0x0000000081700000, 0x0000000081800000, 0x0000000081800000|100%| O|  |TAMS 0x0000000081700000, 0x0000000081800000| Untracked 
|  24|0x0000000081800000, 0x0000000081900000, 0x0000000081900000|100%| O|  |TAMS 0x0000000081800000, 0x0000000081900000| Untracked 
|  25|0x0000000081900000, 0x0000000081a00000, 0x0000000081a00000|100%| O|  |TAMS 0x0000000081900000, 0x0000000081a00000| Untracked 
|  26|0x0000000081a00000, 0x0000000081b00000, 0x0000000081b00000|100%| O|  |TAMS 0x0000000081a00000, 0x0000000081b00000| Untracked 
|  27|0x0000000081b00000, 0x0000000081b00000, 0x0000000081c00000|  0%| F|  |TAMS 0x0000000081b00000, 0x0000000081b00000| Untracked 
|  28|0x0000000081c00000, 0x0000000081c00000, 0x0000000081d00000|  0%| F|  |TAMS 0x0000000081c00000, 0x0000000081c00000| Untracked 
|  29|0x0000000081d00000, 0x0000000081d00000, 0x0000000081e00000|  0%| F|  |TAMS 0x0000000081d00000, 0x0000000081d00000| Untracked 
|  30|0x0000000081e00000, 0x0000000081e00000, 0x0000000081f00000|  0%| F|  |TAMS 0x0000000081e00000, 0x0000000081e00000| Untracked 
|  31|0x0000000081f00000, 0x0000000082000000, 0x0000000082000000|100%| O|  |TAMS 0x0000000081f00000, 0x0000000081f00000| Untracked 
|  32|0x0000000082000000, 0x0000000082100000, 0x0000000082100000|100%| O|  |TAMS 0x0000000082000000, 0x0000000082000000| Untracked 
|  33|0x0000000082100000, 0x00000000821a7a00, 0x0000000082200000| 65%| O|  |TAMS 0x0000000082100000, 0x0000000082100000| Untracked 
|  34|0x0000000082200000, 0x0000000082200000, 0x0000000082300000|  0%| F|  |TAMS 0x0000000082200000, 0x0000000082200000| Untracked 
|  35|0x0000000082300000, 0x0000000082300000, 0x0000000082400000|  0%| F|  |TAMS 0x0000000082300000, 0x0000000082300000| Untracked 
|  36|0x0000000082400000, 0x0000000082400000, 0x0000000082500000|  0%| F|  |TAMS 0x0000000082400000, 0x0000000082400000| Untracked 
|  37|0x0000000082500000, 0x0000000082500000, 0x0000000082600000|  0%| F|  |TAMS 0x0000000082500000, 0x0000000082500000| Untracked 
|  38|0x0000000082600000, 0x0000000082600000, 0x0000000082700000|  0%| F|  |TAMS 0x0000000082600000, 0x0000000082600000| Untracked 
|  39|0x0000000082700000, 0x0000000082700000, 0x0000000082800000|  0%| F|  |TAMS 0x0000000082700000, 0x0000000082700000| Untracked 
|  40|0x0000000082800000, 0x0000000082800000, 0x0000000082900000|  0%| F|  |TAMS 0x0000000082800000, 0x0000000082800000| Untracked 
|  41|0x0000000082900000, 0x0000000082900000, 0x0000000082a00000|  0%| F|  |TAMS 0x0000000082900000, 0x0000000082900000| Untracked 
|  42|0x0000000082a00000, 0x0000000082a00000, 0x0000000082b00000|  0%| F|  |TAMS 0x0000000082a00000, 0x0000000082a00000| Untracked 
|  43|0x0000000082b00000, 0x0000000082b00000, 0x0000000082c00000|  0%| F|  |TAMS 0x0000000082b00000, 0x0000000082b00000| Untracked 
|  44|0x0000000082c00000, 0x0000000082c00000, 0x0000000082d00000|  0%| F|  |TAMS 0x0000000082c00000, 0x0000000082c00000| Untracked 
|  45|0x0000000082d00000, 0x0000000082d00000, 0x0000000082e00000|  0%| F|  |TAMS 0x0000000082d00000, 0x0000000082d00000| Untracked 
|  46|0x0000000082e00000, 0x0000000082e00000, 0x0000000082f00000|  0%| F|  |TAMS 0x0000000082e00000, 0x0000000082e00000| Untracked 
|  47|0x0000000082f00000, 0x0000000082f00000, 0x0000000083000000|  0%| F|  |TAMS 0x0000000082f00000, 0x0000000082f00000| Untracked 
|  48|0x0000000083000000, 0x0000000083000000, 0x0000000083100000|  0%| F|  |TAMS 0x0000000083000000, 0x0000000083000000| Untracked 
|  49|0x0000000083100000, 0x0000000083100000, 0x0000000083200000|  0%| F|  |TAMS 0x0000000083100000, 0x0000000083100000| Untracked 
|  50|0x0000000083200000, 0x0000000083300000, 0x0000000083300000|100%| S|CS|TAMS 0x0000000083200000, 0x0000000083200000| Complete 
|  51|0x0000000083300000, 0x0000000083400000, 0x0000000083400000|100%| S|CS|TAMS 0x0000000083300000, 0x0000000083300000| Complete 
|  52|0x0000000083400000, 0x0000000083400000, 0x0000000083500000|  0%| F|  |TAMS 0x0000000083400000, 0x0000000083400000| Untracked 
|  53|0x0000000083500000, 0x0000000083500000, 0x0000000083600000|  0%| F|  |TAMS 0x0000000083500000, 0x0000000083500000| Untracked 
|  54|0x0000000083600000, 0x0000000083600000, 0x0000000083700000|  0%| F|  |TAMS 0x0000000083600000, 0x0000000083600000| Untracked 
|  55|0x0000000083700000, 0x0000000083700000, 0x0000000083800000|  0%| F|  |TAMS 0x0000000083700000, 0x0000000083700000| Untracked 
|  56|0x0000000083800000, 0x0000000083800000, 0x0000000083900000|  0%| F|  |TAMS 0x0000000083800000, 0x0000000083800000| Untracked 
|  57|0x0000000083900000, 0x0000000083900000, 0x0000000083a00000|  0%| F|  |TAMS 0x0000000083900000, 0x0000000083900000| Untracked 
|  58|0x0000000083a00000, 0x0000000083a00000, 0x0000000083b00000|  0%| F|  |TAMS 0x0000000083a00000, 0x0000000083a00000| Untracked 
|  59|0x0000000083b00000, 0x0000000083b00000, 0x0000000083c00000|  0%| F|  |TAMS 0x0000000083b00000, 0x0000000083b00000| Untracked 
|  60|0x0000000083c00000, 0x0000000083c00000, 0x0000000083d00000|  0%| F|  |TAMS 0x0000000083c00000, 0x0000000083c00000| Untracked 
|  61|0x0000000083d00000, 0x0000000083d00000, 0x0000000083e00000|  0%| F|  |TAMS 0x0000000083d00000, 0x0000000083d00000| Untracked 
|  62|0x0000000083e00000, 0x0000000083e00000, 0x0000000083f00000|  0%| F|  |TAMS 0x0000000083e00000, 0x0000000083e00000| Untracked 
|  63|0x0000000083f00000, 0x0000000083f00000, 0x0000000084000000|  0%| F|  |TAMS 0x0000000083f00000, 0x0000000083f00000| Untracked 
|  64|0x0000000084000000, 0x0000000084000000, 0x0000000084100000|  0%| F|  |TAMS 0x0000000084000000, 0x0000000084000000| Untracked 
|  65|0x0000000084100000, 0x0000000084100000, 0x0000000084200000|  0%| F|  |TAMS 0x0000000084100000, 0x0000000084100000| Untracked 
|  66|0x0000000084200000, 0x0000000084200000, 0x0000000084300000|  0%| F|  |TAMS 0x0000000084200000, 0x0000000084200000| Untracked 
|  67|0x0000000084300000, 0x0000000084300000, 0x0000000084400000|  0%| F|  |TAMS 0x0000000084300000, 0x0000000084300000| Untracked 
|  68|0x0000000084400000, 0x0000000084400000, 0x0000000084500000|  0%| F|  |TAMS 0x0000000084400000, 0x0000000084400000| Untracked 
|  69|0x0000000084500000, 0x0000000084500000, 0x0000000084600000|  0%| F|  |TAMS 0x0000000084500000, 0x0000000084500000| Untracked 
|  70|0x0000000084600000, 0x0000000084600000, 0x0000000084700000|  0%| F|  |TAMS 0x0000000084600000, 0x0000000084600000| Untracked 
|  71|0x0000000084700000, 0x0000000084700000, 0x0000000084800000|  0%| F|  |TAMS 0x0000000084700000, 0x0000000084700000| Untracked 
|  72|0x0000000084800000, 0x0000000084800000, 0x0000000084900000|  0%| F|  |TAMS 0x0000000084800000, 0x0000000084800000| Untracked 
|  73|0x0000000084900000, 0x0000000084900000, 0x0000000084a00000|  0%| F|  |TAMS 0x0000000084900000, 0x0000000084900000| Untracked 
|  74|0x0000000084a00000, 0x0000000084a00000, 0x0000000084b00000|  0%| F|  |TAMS 0x0000000084a00000, 0x0000000084a00000| Untracked 
|  84|0x0000000085400000, 0x0000000085400000, 0x0000000085500000|  0%| F|  |TAMS 0x0000000085400000, 0x0000000085400000| Untracked 
|  85|0x0000000085500000, 0x0000000085500000, 0x0000000085600000|  0%| F|  |TAMS 0x0000000085500000, 0x0000000085500000| Untracked 
|  86|0x0000000085600000, 0x0000000085600000, 0x0000000085700000|  0%| F|  |TAMS 0x0000000085600000, 0x0000000085600000| Untracked 
|  87|0x0000000085700000, 0x0000000085700000, 0x0000000085800000|  0%| F|  |TAMS 0x0000000085700000, 0x0000000085700000| Untracked 
|  88|0x0000000085800000, 0x0000000085800000, 0x0000000085900000|  0%| F|  |TAMS 0x0000000085800000, 0x0000000085800000| Untracked 
|  89|0x0000000085900000, 0x0000000085900000, 0x0000000085a00000|  0%| F|  |TAMS 0x0000000085900000, 0x0000000085900000| Untracked 
|  90|0x0000000085a00000, 0x0000000085a00000, 0x0000000085b00000|  0%| F|  |TAMS 0x0000000085a00000, 0x0000000085a00000| Untracked 
|  91|0x0000000085b00000, 0x0000000085b00000, 0x0000000085c00000|  0%| F|  |TAMS 0x0000000085b00000, 0x0000000085b00000| Untracked 
| 127|0x0000000087f00000, 0x0000000087f83f00, 0x0000000088000000| 51%| E|  |TAMS 0x0000000087f00000, 0x0000000087f00000| Complete 

Card table byte_map: [0x000002c9c03a0000,0x000002c9c07a0000] _byte_map_base: 0x000002c9bffa0000

Marking Bits (Prev, Next): (CMBitMap*) 0x000002c9a7319ff0, (CMBitMap*) 0x000002c9a7319fb0
 Prev Bits: [0x000002c9c2ba0000, 0x000002c9c4ba0000)
 Next Bits: [0x000002c9c0ba0000, 0x000002c9c2ba0000)

Polling page: 0x000002c9a7190000

Metaspace:

Usage:
  Non-class:     29.97 MB used.
      Class:      4.83 MB used.
       Both:     34.80 MB used.

Virtual space:
  Non-class space:       64.00 MB reserved,      30.19 MB ( 47%) committed,  1 nodes.
      Class space:      416.00 MB reserved,       5.06 MB (  1%) committed,  1 nodes.
             Both:      480.00 MB reserved,      35.25 MB (  7%) committed. 

Chunk freelists:
   Non-Class:  1.31 MB
       Class:  10.78 MB
        Both:  12.09 MB

MaxMetaspaceSize: 512.00 MB
CompressedClassSpaceSize: 416.00 MB
Initial GC threshold: 21.00 MB
Current GC threshold: 35.44 MB
CDS: on
MetaspaceReclaimPolicy: balanced
 - commit_granule_bytes: 65536.
 - commit_granule_words: 8192.
 - virtual_space_node_default_size: 8388608.
 - enlarge_chunks_in_place: 1.
 - new_chunks_are_fully_committed: 0.
 - uncommit_free_chunks: 1.
 - use_allocation_guard: 0.
 - handle_deallocations: 1.


Internal statistics:

num_allocs_failed_limit: 6.
num_arena_births: 428.
num_arena_deaths: 0.
num_vsnodes_births: 2.
num_vsnodes_deaths: 0.
num_space_committed: 564.
num_space_uncommitted: 0.
num_chunks_returned_to_freelist: 6.
num_chunks_taken_from_freelist: 1746.
num_chunk_merges: 6.
num_chunk_splits: 1169.
num_chunks_enlarged: 829.
num_inconsistent_stats: 0.

CodeHeap 'non-profiled nmethods': size=120000Kb used=2322Kb max_used=2322Kb free=117677Kb
 bounds [0x000002c9b8a70000, 0x000002c9b8ce0000, 0x000002c9bffa0000]
CodeHeap 'profiled nmethods': size=120000Kb used=8543Kb max_used=8543Kb free=111456Kb
 bounds [0x000002c9b0fa0000, 0x000002c9b1800000, 0x000002c9b84d0000]
CodeHeap 'non-nmethods': size=5760Kb used=2298Kb max_used=2348Kb free=3461Kb
 bounds [0x000002c9b84d0000, 0x000002c9b8740000, 0x000002c9b8a70000]
 total_blobs=5052 nmethods=4245 adapters=719
 compilation: enabled
              stopped_count=0, restarted_count=0
 full_count=0

Compilation events (20 events):
Event: 23.209 Thread 0x000002c9c705d720 nmethod 4165 0x000002c9b8ca4f90 code [0x000002c9b8ca5660, 0x000002c9b8cae210]
Event: 23.211 Thread 0x000002c9c705d720 4222       4       java.util.AbstractMap::<init> (5 bytes)
Event: 23.212 Thread 0x000002c9c705d720 nmethod 4222 0x000002c9b8cb3090 code [0x000002c9b8cb3200, 0x000002c9b8cb3278]
Event: 23.212 Thread 0x000002c9c705d720 4198       4       java.lang.Class::reflectionData (43 bytes)
Event: 23.221 Thread 0x000002c9c705d720 nmethod 4198 0x000002c9b8cb3390 code [0x000002c9b8cb3520, 0x000002c9b8cb3938]
Event: 23.221 Thread 0x000002c9c705d720 4242  s    4       jdk.internal.loader.Resource::cachedInputStream (20 bytes)
Event: 23.224 Thread 0x000002c9c705d720 nmethod 4242 0x000002c9b8cb3b10 code [0x000002c9b8cb3ca0, 0x000002c9b8cb4028]
Event: 23.224 Thread 0x000002c9c705d720 4212       4       java.lang.Integer::valueOf (32 bytes)
Event: 23.226 Thread 0x000002c9c705d720 nmethod 4212 0x000002c9b8cb4110 code [0x000002c9b8cb42a0, 0x000002c9b8cb4378]
Event: 23.226 Thread 0x000002c9c705d720 4193       4       java.util.HashMap::containsKey (14 bytes)
Event: 23.232 Thread 0x000002c9c705d720 nmethod 4193 0x000002c9b8cb4410 code [0x000002c9b8cb45a0, 0x000002c9b8cb4858]
Event: 23.232 Thread 0x000002c9c705d720 4166   !   4       java.net.URLClassLoader$1::run (81 bytes)
Event: 23.375 Thread 0x000002c9c7061050 4255       3       org.gradle.internal.instantiation.generator.AbstractClassGenerator$ClassGenerationHandler::<init> (5 bytes)
Event: 23.375 Thread 0x000002c9c7061050 nmethod 4255 0x000002c9b17f5d90 code [0x000002c9b17f5f40, 0x000002c9b17f60f8]
Event: 23.375 Thread 0x000002c9c7061050 4256       3       org.gradle.internal.instantiation.generator.AbstractClassGenerator$ClassGenerationHandler::<init> (5 bytes)
Event: 23.375 Thread 0x000002c9c7061050 nmethod 4256 0x000002c9b17f6210 code [0x000002c9b17f63a0, 0x000002c9b17f64f8]
Event: 23.379 Thread 0x000002c9c7061050 4257       3       java.lang.Class::copyFields (36 bytes)
Event: 23.380 Thread 0x000002c9c7061050 nmethod 4257 0x000002c9b17f6590 code [0x000002c9b17f6800, 0x000002c9b17f72b8]
Event: 23.380 Thread 0x000002c9c7061050 4258       3       org.gradle.internal.instantiation.generator.AbstractClassGenerator$MethodMetadata::shouldImplement (16 bytes)
Event: 23.380 Thread 0x000002c9c7061050 nmethod 4258 0x000002c9b17f7790 code [0x000002c9b17f7940, 0x000002c9b17f7b78]

GC Heap History (18 events):
Event: 1.401 GC heap before
{Heap before GC invocations=0 (full 0):
 garbage-first heap   total 131072K, used 12288K [0x0000000080000000, 0x0000000100000000)
  region size 1024K, 13 young (13312K), 0 survivors (0K)
 Metaspace       used 766K, committed 896K, reserved 491520K
  class space    used 61K, committed 128K, reserved 425984K
}
Event: 1.427 GC heap after
{Heap after GC invocations=1 (full 0):
 garbage-first heap   total 131072K, used 1202K [0x0000000080000000, 0x0000000100000000)
  region size 1024K, 2 young (2048K), 2 survivors (2048K)
 Metaspace       used 766K, committed 896K, reserved 491520K
  class space    used 61K, committed 128K, reserved 425984K
}
Event: 2.789 GC heap before
{Heap before GC invocations=1 (full 0):
 garbage-first heap   total 131072K, used 22706K [0x0000000080000000, 0x0000000100000000)
  region size 1024K, 21 young (21504K), 2 survivors (2048K)
 Metaspace       used 2251K, committed 2368K, reserved 491520K
  class space    used 245K, committed 320K, reserved 425984K
}
Event: 2.797 GC heap after
{Heap after GC invocations=2 (full 0):
 garbage-first heap   total 131072K, used 9714K [0x0000000080000000, 0x0000000100000000)
  region size 1024K, 3 young (3072K), 3 survivors (3072K)
 Metaspace       used 2251K, committed 2368K, reserved 491520K
  class space    used 245K, committed 320K, reserved 425984K
}
Event: 6.857 GC heap before
{Heap before GC invocations=2 (full 0):
 garbage-first heap   total 131072K, used 86514K [0x0000000080000000, 0x0000000100000000)
  region size 1024K, 76 young (77824K), 3 survivors (3072K)
 Metaspace       used 5208K, committed 5376K, reserved 491520K
  class space    used 692K, committed 768K, reserved 425984K
}
Event: 6.871 GC heap after
{Heap after GC invocations=3 (full 0):
 garbage-first heap   total 131072K, used 16290K [0x0000000080000000, 0x0000000100000000)
  region size 1024K, 9 young (9216K), 9 survivors (9216K)
 Metaspace       used 5208K, committed 5376K, reserved 491520K
  class space    used 692K, committed 768K, reserved 425984K
}
Event: 13.801 GC heap before
{Heap before GC invocations=3 (full 0):
 garbage-first heap   total 131072K, used 84898K [0x0000000080000000, 0x0000000100000000)
  region size 1024K, 76 young (77824K), 9 survivors (9216K)
 Metaspace       used 16971K, committed 17280K, reserved 491520K
  class space    used 2404K, committed 2560K, reserved 425984K
}
Event: 13.816 GC heap after
{Heap after GC invocations=4 (full 0):
 garbage-first heap   total 131072K, used 21598K [0x0000000080000000, 0x0000000100000000)
  region size 1024K, 6 young (6144K), 6 survivors (6144K)
 Metaspace       used 16971K, committed 17280K, reserved 491520K
  class space    used 2404K, committed 2560K, reserved 425984K
}
Event: 15.806 GC heap before
{Heap before GC invocations=4 (full 0):
 garbage-first heap   total 131072K, used 57438K [0x0000000080000000, 0x0000000100000000)
  region size 1024K, 42 young (43008K), 6 survivors (6144K)
 Metaspace       used 21168K, committed 21504K, reserved 491520K
  class space    used 3077K, committed 3264K, reserved 425984K
}
Event: 15.819 GC heap after
{Heap after GC invocations=5 (full 0):
 garbage-first heap   total 131072K, used 23478K [0x0000000080000000, 0x0000000100000000)
  region size 1024K, 8 young (8192K), 8 survivors (8192K)
 Metaspace       used 21168K, committed 21504K, reserved 491520K
  class space    used 3077K, committed 3264K, reserved 425984K
}
Event: 18.598 GC heap before
{Heap before GC invocations=6 (full 0):
 garbage-first heap   total 86016K, used 66486K [0x0000000080000000, 0x0000000100000000)
  region size 1024K, 50 young (51200K), 8 survivors (8192K)
 Metaspace       used 28306K, committed 28736K, reserved 491520K
  class space    used 3993K, committed 4224K, reserved 425984K
}
Event: 18.614 GC heap after
{Heap after GC invocations=7 (full 0):
 garbage-first heap   total 86016K, used 27181K [0x0000000080000000, 0x0000000100000000)
  region size 1024K, 6 young (6144K), 6 survivors (6144K)
 Metaspace       used 28306K, committed 28736K, reserved 491520K
  class space    used 3993K, committed 4224K, reserved 425984K
}
Event: 18.662 GC heap before
{Heap before GC invocations=7 (full 0):
 garbage-first heap   total 86016K, used 28205K [0x0000000080000000, 0x0000000100000000)
  region size 1024K, 7 young (7168K), 6 survivors (6144K)
 Metaspace       used 28524K, committed 28928K, reserved 491520K
  class space    used 4028K, committed 4224K, reserved 425984K
}
Event: 18.676 GC heap after
{Heap after GC invocations=8 (full 0):
 garbage-first heap   total 86016K, used 27648K [0x0000000080000000, 0x0000000100000000)
  region size 1024K, 1 young (1024K), 1 survivors (1024K)
 Metaspace       used 28524K, committed 28928K, reserved 491520K
  class space    used 4028K, committed 4224K, reserved 425984K
}
Event: 20.405 GC heap before
{Heap before GC invocations=8 (full 0):
 garbage-first heap   total 86016K, used 65536K [0x0000000080000000, 0x0000000100000000)
  region size 1024K, 39 young (39936K), 1 survivors (1024K)
 Metaspace       used 31704K, committed 32064K, reserved 491520K
  class space    used 4460K, committed 4608K, reserved 425984K
}
Event: 20.413 GC heap after
{Heap after GC invocations=9 (full 0):
 garbage-first heap   total 86016K, used 30168K [0x0000000080000000, 0x0000000100000000)
  region size 1024K, 4 young (4096K), 4 survivors (4096K)
 Metaspace       used 31704K, committed 32064K, reserved 491520K
  class space    used 4460K, committed 4608K, reserved 425984K
}
Event: 23.404 GC heap before
{Heap before GC invocations=9 (full 0):
 garbage-first heap   total 86016K, used 67032K [0x0000000080000000, 0x0000000100000000)
  region size 1024K, 36 young (36864K), 4 survivors (4096K)
 Metaspace       used 35509K, committed 35968K, reserved 491520K
  class space    used 4929K, committed 5184K, reserved 425984K
}
Event: 23.415 GC heap after
{Heap after GC invocations=10 (full 0):
 garbage-first heap   total 86016K, used 31390K [0x0000000080000000, 0x0000000100000000)
  region size 1024K, 2 young (2048K), 2 survivors (2048K)
 Metaspace       used 35509K, committed 35968K, reserved 491520K
  class space    used 4929K, committed 5184K, reserved 425984K
}

Dll operation events (15 events):
Event: 0.039 Loaded shared library C:\Program Files\Microsoft\jdk-17.0.14.7-hotspot\bin\java.dll
Event: 0.088 Loaded shared library C:\Program Files\Microsoft\jdk-17.0.14.7-hotspot\bin\jsvml.dll
Event: 0.255 Loaded shared library C:\Program Files\Microsoft\jdk-17.0.14.7-hotspot\bin\zip.dll
Event: 0.261 Loaded shared library C:\Program Files\Microsoft\jdk-17.0.14.7-hotspot\bin\instrument.dll
Event: 0.268 Loaded shared library C:\Program Files\Microsoft\jdk-17.0.14.7-hotspot\bin\net.dll
Event: 0.271 Loaded shared library C:\Program Files\Microsoft\jdk-17.0.14.7-hotspot\bin\nio.dll
Event: 0.280 Loaded shared library C:\Program Files\Microsoft\jdk-17.0.14.7-hotspot\bin\zip.dll
Event: 1.680 Loaded shared library C:\Program Files\Microsoft\jdk-17.0.14.7-hotspot\bin\jimage.dll
Event: 2.504 Loaded shared library C:\Program Files\Microsoft\jdk-17.0.14.7-hotspot\bin\verify.dll
Event: 2.714 Loaded shared library C:\Users\Admin\.gradle\native\1def1411415f61bf3af743bc5b6707747c0891f09f0c88961ee8f79bc544acac\windows-amd64\native-platform.dll
Event: 2.743 Loaded shared library C:\Users\Admin\.gradle\native\0.2.7\x86_64-windows-gnu\gradle-fileevents.dll
Event: 7.344 Loaded shared library C:\Program Files\Microsoft\jdk-17.0.14.7-hotspot\bin\management.dll
Event: 7.351 Loaded shared library C:\Program Files\Microsoft\jdk-17.0.14.7-hotspot\bin\management_ext.dll
Event: 8.320 Loaded shared library C:\Program Files\Microsoft\jdk-17.0.14.7-hotspot\bin\extnet.dll
Event: 9.321 Loaded shared library C:\Program Files\Microsoft\jdk-17.0.14.7-hotspot\bin\sunmscapi.dll

Deoptimization events (20 events):
Event: 20.553 Thread 0x000002c9e7c9b9c0 DEOPT PACKING pc=0x000002c9b8c66610 sp=0x000000d3db6f9c30
Event: 20.553 Thread 0x000002c9e7c9b9c0 DEOPT UNPACKING pc=0x000002c9b85269a3 sp=0x000000d3db6f9bf0 mode 2
Event: 20.575 Thread 0x000002c9e7c9b9c0 Uncommon trap: trap_request=0xffffffde fr.pc=0x000002c9b8c43400 relative=0x0000000000000420
Event: 20.575 Thread 0x000002c9e7c9b9c0 Uncommon trap: reason=class_check action=maybe_recompile pc=0x000002c9b8c43400 method=java.util.regex.Pattern$Start.match(Ljava/util/regex/Matcher;ILjava/lang/CharSequence;)Z @ 44 c2
Event: 20.575 Thread 0x000002c9e7c9b9c0 DEOPT PACKING pc=0x000002c9b8c43400 sp=0x000000d3db6f90f0
Event: 20.575 Thread 0x000002c9e7c9b9c0 DEOPT UNPACKING pc=0x000002c9b85269a3 sp=0x000000d3db6f9020 mode 2
Event: 20.576 Thread 0x000002c9e7c9b9c0 Uncommon trap: trap_request=0xffffffde fr.pc=0x000002c9b8c43400 relative=0x0000000000000420
Event: 20.576 Thread 0x000002c9e7c9b9c0 Uncommon trap: reason=class_check action=maybe_recompile pc=0x000002c9b8c43400 method=java.util.regex.Pattern$Start.match(Ljava/util/regex/Matcher;ILjava/lang/CharSequence;)Z @ 44 c2
Event: 20.576 Thread 0x000002c9e7c9b9c0 DEOPT PACKING pc=0x000002c9b8c43400 sp=0x000000d3db6f90f0
Event: 20.576 Thread 0x000002c9e7c9b9c0 DEOPT UNPACKING pc=0x000002c9b85269a3 sp=0x000000d3db6f9020 mode 2
Event: 21.090 Thread 0x000002c9e7c9b9c0 Uncommon trap: trap_request=0xffffffde fr.pc=0x000002c9b8c66610 relative=0x00000000000004f0
Event: 21.090 Thread 0x000002c9e7c9b9c0 Uncommon trap: reason=class_check action=maybe_recompile pc=0x000002c9b8c66610 method=jdk.internal.loader.URLClassPath.getResource(Ljava/lang/String;Z)Ljdk/internal/loader/Resource; @ 53 c2
Event: 21.090 Thread 0x000002c9e7c9b9c0 DEOPT PACKING pc=0x000002c9b8c66610 sp=0x000000d3db6f9c30
Event: 21.090 Thread 0x000002c9e7c9b9c0 DEOPT UNPACKING pc=0x000002c9b85269a3 sp=0x000000d3db6f9bf0 mode 2
Event: 21.275 Thread 0x000002c9e7c9b9c0 Uncommon trap: trap_request=0xffffffc6 fr.pc=0x000002c9b8bf400c relative=0x000000000000024c
Event: 21.275 Thread 0x000002c9e7c9b9c0 Uncommon trap: reason=bimorphic_or_optimized_type_check action=maybe_recompile pc=0x000002c9b8bf400c method=com.google.common.base.CharMatcher.indexIn(Ljava/lang/CharSequence;I)I @ 31 c2
Event: 21.275 Thread 0x000002c9e7c9b9c0 DEOPT PACKING pc=0x000002c9b8bf400c sp=0x000000d3db6f8470
Event: 21.275 Thread 0x000002c9e7c9b9c0 DEOPT UNPACKING pc=0x000002c9b85269a3 sp=0x000000d3db6f8418 mode 2
Event: 21.398 Thread 0x000002c9e7c9b9c0 DEOPT PACKING pc=0x000002c9b17b9e15 sp=0x000000d3db6f5110
Event: 21.398 Thread 0x000002c9e7c9b9c0 DEOPT UNPACKING pc=0x000002c9b8527143 sp=0x000000d3db6f4598 mode 0

Classes loaded (20 events):
Event: 20.056 Loading class java/util/stream/Nodes$FixedNodeBuilder
Event: 20.057 Loading class java/util/stream/Nodes$ArrayNode
Event: 20.057 Loading class java/util/stream/Nodes$ArrayNode done
Event: 20.057 Loading class java/util/stream/Nodes$FixedNodeBuilder done
Event: 20.097 Loading class java/lang/ProcessBuilder
Event: 20.098 Loading class java/lang/ProcessBuilder done
Event: 20.585 Loading class com/sun/beans/finder/MethodFinder
Event: 20.586 Loading class com/sun/beans/finder/AbstractFinder
Event: 20.587 Loading class com/sun/beans/finder/AbstractFinder done
Event: 20.587 Loading class com/sun/beans/finder/MethodFinder done
Event: 20.587 Loading class com/sun/beans/finder/MethodFinder$1
Event: 20.587 Loading class com/sun/beans/finder/MethodFinder$1 done
Event: 20.587 Loading class com/sun/beans/finder/FinderUtils
Event: 20.587 Loading class com/sun/beans/finder/FinderUtils done
Event: 20.962 Loading class java/util/function/IntBinaryOperator
Event: 20.962 Loading class java/util/function/IntBinaryOperator done
Event: 21.102 Loading class sun/reflect/MagicAccessorImpl
Event: 21.102 Loading class sun/reflect/MagicAccessorImpl done
Event: 21.274 Loading class java/util/DualPivotQuicksort
Event: 21.275 Loading class java/util/DualPivotQuicksort done

Classes unloaded (0 events):
No events

Classes redefined (0 events):
No events

Internal exceptions (20 events):
Event: 20.728 Thread 0x000002c9e7c9b9c0 Exception <a 'java/lang/ClassNotFoundException'{0x00000000857d80e0}: org/gradle/initialization/DefaultSettingsBeanInfo> (0x00000000857d80e0) 
thrown [s\src\hotspot\share\classfile\systemDictionary.cpp, line 256]
Event: 20.729 Thread 0x000002c9e7c9b9c0 Exception <a 'java/lang/ClassNotFoundException'{0x00000000857e8898}: org/gradle/api/internal/project/AbstractPluginAwareBeanInfo> (0x00000000857e8898) 
thrown [s\src\hotspot\share\classfile\systemDictionary.cpp, line 256]
Event: 20.731 Thread 0x000002c9e7c9b9c0 Exception <a 'java/lang/ClassNotFoundException'{0x00000000857f89e8}: org/gradle/api/internal/project/AbstractPluginAwareCustomizer> (0x00000000857f89e8) 
thrown [s\src\hotspot\share\classfile\systemDictionary.cpp, line 256]
Event: 20.734 Thread 0x000002c9e7c9b9c0 Exception <a 'java/lang/ClassNotFoundException'{0x000000008560f770}: org/gradle/initialization/DefaultSettingsCustomizer> (0x000000008560f770) 
thrown [s\src\hotspot\share\classfile\systemDictionary.cpp, line 256]
Event: 20.781 Thread 0x000002c9e7c9b9c0 Exception <a 'java/lang/ClassNotFoundException'{0x000000008565de30}: org/gradle/initialization/DefaultSettings_DecoratedCustomizer> (0x000000008565de30) 
thrown [s\src\hotspot\share\classfile\systemDictionary.cpp, line 256]
Event: 20.941 Thread 0x000002c9e7c9b9c0 Exception <a 'java/lang/ClassNotFoundException'{0x0000000085441d88}: org/gradle/internal/metaobject/ConfigureDelegateBeanInfo> (0x0000000085441d88) 
thrown [s\src\hotspot\share\classfile\systemDictionary.cpp, line 256]
Event: 20.942 Thread 0x000002c9e7c9b9c0 Exception <a 'java/lang/ClassNotFoundException'{0x0000000085452c38}: org/gradle/internal/metaobject/ConfigureDelegateCustomizer> (0x0000000085452c38) 
thrown [s\src\hotspot\share\classfile\systemDictionary.cpp, line 256]
Event: 20.997 Thread 0x000002c9e7c9b9c0 Exception <a 'java/lang/ClassNotFoundException'{0x0000000084a37fb8}: org/gradle/plugin/management/internal/DefaultPluginManagementSpec_DecoratedBeanInfo> (0x0000000084a37fb8) 
thrown [s\src\hotspot\share\classfile\systemDictionary.cpp, line 256]
Event: 21.001 Thread 0x000002c9e7c9b9c0 Exception <a 'java/lang/ClassNotFoundException'{0x0000000084a4d130}: org/gradle/plugin/management/internal/DefaultPluginManagementSpecBeanInfo> (0x0000000084a4d130) 
thrown [s\src\hotspot\share\classfile\systemDictionary.cpp, line 256]
Event: 21.010 Thread 0x000002c9e7c9b9c0 Exception <a 'java/lang/ClassNotFoundException'{0x0000000084a61560}: org/gradle/plugin/management/internal/DefaultPluginManagementSpecCustomizer> (0x0000000084a61560) 
thrown [s\src\hotspot\share\classfile\systemDictionary.cpp, line 256]
Event: 21.018 Thread 0x000002c9e7c9b9c0 Exception <a 'java/lang/ClassNotFoundException'{0x0000000084a87198}: org/gradle/plugin/management/internal/DefaultPluginManagementSpec_DecoratedCustomizer> (0x0000000084a87198) 
thrown [s\src\hotspot\share\classfile\systemDictionary.cpp, line 256]
Event: 21.257 Thread 0x000002c9e7c9b9c0 Exception <a 'java/lang/ClassNotFoundException'{0x00000000848a6c10}: org/gradle/plugin/use/internal/PluginRequestCollector$PluginDependenciesSpecImplBeanInfo> (0x00000000848a6c10) 
thrown [s\src\hotspot\share\classfile\systemDictionary.cpp, line 256]
Event: 21.258 Thread 0x000002c9e7c9b9c0 Exception <a 'java/lang/ClassNotFoundException'{0x00000000848b8188}: org/gradle/plugin/use/internal/PluginRequestCollector$PluginDependenciesSpecImplCustomizer> (0x00000000848b8188) 
thrown [s\src\hotspot\share\classfile\systemDictionary.cpp, line 256]
Event: 21.491 Thread 0x000002c9e7c9b9c0 Exception <a 'java/lang/IncompatibleClassChangeError'{0x00000000845ddc20}: Found class java.lang.Object, but interface was expected> (0x00000000845ddc20) 
thrown [s\src\hotspot\share\interpreter\linkResolver.cpp, line 826]
Event: 22.599 Thread 0x000002c9e7c9b9c0 Exception <a 'java/lang/NoSuchMethodError'{0x0000000083962640}: 'java.lang.Object java.lang.invoke.DirectMethodHandle$Holder.newInvokeSpecial(java.lang.Object, java.lang.Object, java.lang.Object, java.lang.Object, java.lang.Object, java.lang.Object, java.lang.Object, java.lang.Object, java.lang.Object, java.lang.Object, java.lang.Object)'> (0x0000000083962640) 
thrown [s\src\hotspot\share\interpreter\linkResolver.cpp, line 759]
Event: 22.600 Thread 0x000002c9e7c9b9c0 Exception <a 'java/lang/NoSuchMethodError'{0x0000000083968178}: 'java.lang.Object java.lang.invoke.DirectMethodHandle$Holder.invokeSpecial(java.lang.Object, java.lang.Object, java.lang.Object, java.lang.Object, java.lang.Object, java.lang.Object, java.lang.Object, java.lang.Object, java.lang.Object, java.lang.Object, java.lang.Object, java.lang.Object)'> (0x0000000083968178) 
thrown [s\src\hotspot\share\interpreter\linkResolver.cpp, line 759]
Event: 22.600 Thread 0x000002c9e7c9b9c0 Exception <a 'java/lang/NoSuchMethodError'{0x000000008396d810}: 'java.lang.Object java.lang.invoke.Invokers$Holder.linkToTargetMethod(java.lang.Object, java.lang.Object, java.lang.Object, java.lang.Object, java.lang.Object, java.lang.Object, java.lang.Object, java.lang.Object, java.lang.Object, java.lang.Object, java.lang.Object)'> (0x000000008396d810) 
thrown [s\src\hotspot\share\interpreter\linkResolver.cpp, line 759]
Event: 22.622 Thread 0x000002c9e7c9b9c0 Exception <a 'java/lang/NoSuchMethodError'{0x00000000839edf70}: 'java.lang.Object java.lang.invoke.DirectMethodHandle$Holder.newInvokeSpecial(java.lang.Object, java.lang.Object, java.lang.Object, java.lang.Object, java.lang.Object, java.lang.Object, java.lang.Object, java.lang.Object, java.lang.Object, java.lang.Object, java.lang.Object, java.lang.Object)'> (0x00000000839edf70) 
thrown [s\src\hotspot\share\interpreter\linkResolver.cpp, line 759]
Event: 22.623 Thread 0x000002c9e7c9b9c0 Exception <a 'java/lang/NoSuchMethodError'{0x00000000839f3c90}: 'java.lang.Object java.lang.invoke.DirectMethodHandle$Holder.invokeSpecial(java.lang.Object, java.lang.Object, java.lang.Object, java.lang.Object, java.lang.Object, java.lang.Object, java.lang.Object, java.lang.Object, java.lang.Object, java.lang.Object, java.lang.Object, java.lang.Object, java.lang.Object)'> (0x00000000839f3c90) 
thrown [s\src\hotspot\share\interpreter\linkResolver.cpp, line 759]
Event: 22.623 Thread 0x000002c9e7c9b9c0 Exception <a 'java/lang/NoSuchMethodError'{0x00000000839f94b0}: 'java.lang.Object java.lang.invoke.Invokers$Holder.linkToTargetMethod(java.lang.Object, java.lang.Object, java.lang.Object, java.lang.Object, java.lang.Object, java.lang.Object, java.lang.Object, java.lang.Object, java.lang.Object, java.lang.Object, java.lang.Object, java.lang.Object)'> (0x00000000839f94b0) 
thrown [s\src\hotspot\share\interpreter\linkResolver.cpp, line 759]

VM Operations (20 events):
Event: 18.747 Executing VM operation: HandshakeAllThreads
Event: 18.747 Executing VM operation: HandshakeAllThreads done
Event: 19.196 Executing VM operation: HandshakeAllThreads
Event: 19.196 Executing VM operation: HandshakeAllThreads done
Event: 19.722 Executing VM operation: HandshakeAllThreads
Event: 19.722 Executing VM operation: HandshakeAllThreads done
Event: 19.722 Executing VM operation: Cleanup
Event: 19.722 Executing VM operation: Cleanup done
Event: 19.737 Executing VM operation: HandshakeAllThreads
Event: 19.738 Executing VM operation: HandshakeAllThreads done
Event: 19.778 Executing VM operation: HandshakeAllThreads
Event: 19.779 Executing VM operation: HandshakeAllThreads done
Event: 20.395 Executing VM operation: G1CollectForAllocation
Event: 20.413 Executing VM operation: G1CollectForAllocation done
Event: 21.428 Executing VM operation: Cleanup
Event: 21.429 Executing VM operation: Cleanup done
Event: 22.434 Executing VM operation: Cleanup
Event: 22.450 Executing VM operation: Cleanup done
Event: 23.404 Executing VM operation: CollectForMetadataAllocation
Event: 23.415 Executing VM operation: CollectForMetadataAllocation done

Memory protections (0 events):
No events

Nmethod flushes (0 events):
No events

Events (20 events):
Event: 9.236 Thread 0x000002c9a723d7f0 Thread added: 0x000002c9e74ecf40
Event: 9.473 Thread 0x000002c9e796ba10 Thread added: 0x000002c9e7261b60
Event: 9.497 Thread 0x000002c9e7261b60 Thread added: 0x000002c9e7c9d820
Event: 9.636 Thread 0x000002c9e7261b60 Thread added: 0x000002c9e7c9c3e0
Event: 9.652 Thread 0x000002c9e7261b60 Thread added: 0x000002c9e7c9b9c0
Event: 9.706 Thread 0x000002c9e7c9b9c0 Thread added: 0x000002c9e7c9c8f0
Event: 9.713 Thread 0x000002c9e7c9b9c0 Thread added: 0x000002c9e7c9d310
Event: 9.717 Thread 0x000002c9e7c9b9c0 Thread added: 0x000002c9e7c9ce00
Event: 11.746 Thread 0x000002c9e7c9b9c0 Thread added: 0x000002c9e7c9a070
Event: 11.802 Thread 0x000002c9e7c9b9c0 Thread added: 0x000002c9e7c9a580
Event: 11.947 Thread 0x000002c9e7c9b9c0 Thread added: 0x000002c9e7c9aa90
Event: 15.307 Thread 0x000002c9e7c9b9c0 Thread added: 0x000002c9e7c9b4b0
Event: 15.331 Thread 0x000002c9e7c9b9c0 Thread added: 0x000002c9e7c9bed0
Event: 16.147 Thread 0x000002c9e7c9b9c0 Thread added: 0x000002c9ea145160
Event: 16.190 Thread 0x000002c9e7c9b9c0 Thread added: 0x000002c9ea140570
Event: 19.962 Thread 0x000002c9e7c9b9c0 Thread added: 0x000002c9ea142df0
Event: 20.367 Thread 0x000002c9e7c9b9c0 Thread added: 0x000002c9ea140060
Event: 20.439 Thread 0x000002c9e7c9b9c0 Thread added: 0x000002c9ea1414a0
Event: 22.703 Thread 0x000002c9e7c9b9c0 Thread added: 0x000002c9ea1465a0
Event: 22.940 Thread 0x000002c9e7c9b9c0 Thread added: 0x000002c9ea1479e0


Dynamic libraries:
0x00007ff759180000 - 0x00007ff75918e000 	C:\Program Files\Microsoft\jdk-17.0.14.7-hotspot\bin\java.exe
0x00007ffe4e650000 - 0x00007ffe4e848000 	C:\Windows\SYSTEM32\ntdll.dll
0x00007ffe4d540000 - 0x00007ffe4d602000 	C:\Windows\System32\KERNEL32.DLL
0x00007ffe4c090000 - 0x00007ffe4c386000 	C:\Windows\System32\KERNELBASE.dll
0x00007ffe4bcf0000 - 0x00007ffe4bdf0000 	C:\Windows\System32\ucrtbase.dll
0x00007ffe3a3a0000 - 0x00007ffe3a3b7000 	C:\Program Files\Microsoft\jdk-17.0.14.7-hotspot\bin\jli.dll
0x00007ffe4cb00000 - 0x00007ffe4cc9d000 	C:\Windows\System32\USER32.dll
0x00007ffe4c650000 - 0x00007ffe4c672000 	C:\Windows\System32\win32u.dll
0x00007ffe4e1f0000 - 0x00007ffe4e21b000 	C:\Windows\System32\GDI32.dll
0x00007ffe4c530000 - 0x00007ffe4c64a000 	C:\Windows\System32\gdi32full.dll
0x00007ffe3dd00000 - 0x00007ffe3dd1d000 	C:\Program Files\Microsoft\jdk-17.0.14.7-hotspot\bin\VCRUNTIME140.dll
0x00007ffe4c490000 - 0x00007ffe4c52d000 	C:\Windows\System32\msvcp_win.dll
0x00007ffe3da50000 - 0x00007ffe3dcea000 	C:\Windows\WinSxS\amd64_microsoft.windows.common-controls_6595b64144ccf1df_6.0.19041.5794_none_60bcd33171f2783c\COMCTL32.dll
0x00007ffe4ca60000 - 0x00007ffe4cafe000 	C:\Windows\System32\msvcrt.dll
0x00007ffe4e5e0000 - 0x00007ffe4e60f000 	C:\Windows\System32\IMM32.DLL
0x00007ffe464c0000 - 0x00007ffe464cc000 	C:\Program Files\Microsoft\jdk-17.0.14.7-hotspot\bin\vcruntime140_1.dll
0x00007ffe34fb0000 - 0x00007ffe3503d000 	C:\Program Files\Microsoft\jdk-17.0.14.7-hotspot\bin\msvcp140.dll
0x00007ffdebfa0000 - 0x00007ffdecc12000 	C:\Program Files\Microsoft\jdk-17.0.14.7-hotspot\bin\server\jvm.dll
0x00007ffe4e440000 - 0x00007ffe4e4ef000 	C:\Windows\System32\ADVAPI32.dll
0x00007ffe4c8e0000 - 0x00007ffe4c97f000 	C:\Windows\System32\sechost.dll
0x00007ffe4da90000 - 0x00007ffe4dbb3000 	C:\Windows\System32\RPCRT4.dll
0x00007ffe4bdf0000 - 0x00007ffe4be17000 	C:\Windows\System32\bcrypt.dll
0x00007ffe4e3d0000 - 0x00007ffe4e43b000 	C:\Windows\System32\WS2_32.dll
0x00007ffe4b280000 - 0x00007ffe4b2cb000 	C:\Windows\SYSTEM32\POWRPROF.dll
0x00007ffe3dd20000 - 0x00007ffe3dd47000 	C:\Windows\SYSTEM32\WINMM.dll
0x00007ffe400a0000 - 0x00007ffe400aa000 	C:\Windows\SYSTEM32\VERSION.dll
0x00007ffe4b0f0000 - 0x00007ffe4b102000 	C:\Windows\SYSTEM32\UMPDC.dll
0x00007ffe49b70000 - 0x00007ffe49b82000 	C:\Windows\SYSTEM32\kernel.appcore.dll
0x00007ffe459e0000 - 0x00007ffe459ea000 	C:\Program Files\Microsoft\jdk-17.0.14.7-hotspot\bin\jimage.dll
0x00007ffe3de10000 - 0x00007ffe3e011000 	C:\Windows\SYSTEM32\DBGHELP.DLL
0x00007ffe39380000 - 0x00007ffe393b4000 	C:\Windows\SYSTEM32\dbgcore.DLL
0x00007ffe4c000000 - 0x00007ffe4c082000 	C:\Windows\System32\bcryptPrimitives.dll
0x00007ffe47340000 - 0x00007ffe4734e000 	C:\Program Files\Microsoft\jdk-17.0.14.7-hotspot\bin\instrument.dll
0x00007ffe3a290000 - 0x00007ffe3a2b5000 	C:\Program Files\Microsoft\jdk-17.0.14.7-hotspot\bin\java.dll
0x00007ffe23050000 - 0x00007ffe23127000 	C:\Program Files\Microsoft\jdk-17.0.14.7-hotspot\bin\jsvml.dll
0x00007ffe4cdd0000 - 0x00007ffe4d53e000 	C:\Windows\System32\SHELL32.dll
0x00007ffe49d70000 - 0x00007ffe4a513000 	C:\Windows\SYSTEM32\windows.storage.dll
0x00007ffe4d620000 - 0x00007ffe4d973000 	C:\Windows\System32\combase.dll
0x00007ffe4b720000 - 0x00007ffe4b74b000 	C:\Windows\SYSTEM32\Wldp.dll
0x00007ffe4e220000 - 0x00007ffe4e2ed000 	C:\Windows\System32\OLEAUT32.dll
0x00007ffe4c830000 - 0x00007ffe4c8dd000 	C:\Windows\System32\SHCORE.dll
0x00007ffe4e370000 - 0x00007ffe4e3c5000 	C:\Windows\System32\shlwapi.dll
0x00007ffe4bc20000 - 0x00007ffe4bc45000 	C:\Windows\SYSTEM32\profapi.dll
0x00007ffe3a200000 - 0x00007ffe3a218000 	C:\Program Files\Microsoft\jdk-17.0.14.7-hotspot\bin\zip.dll
0x00007ffe3a380000 - 0x00007ffe3a39a000 	C:\Program Files\Microsoft\jdk-17.0.14.7-hotspot\bin\net.dll
0x00007ffe42b70000 - 0x00007ffe42c7a000 	C:\Windows\SYSTEM32\WINHTTP.dll
0x00007ffe4b480000 - 0x00007ffe4b4ec000 	C:\Windows\system32\mswsock.dll
0x00007ffe3a270000 - 0x00007ffe3a286000 	C:\Program Files\Microsoft\jdk-17.0.14.7-hotspot\bin\nio.dll
0x00007ffe46e40000 - 0x00007ffe46e50000 	C:\Program Files\Microsoft\jdk-17.0.14.7-hotspot\bin\verify.dll
0x00007ffe45750000 - 0x00007ffe45777000 	C:\Users\Admin\.gradle\native\1def1411415f61bf3af743bc5b6707747c0891f09f0c88961ee8f79bc544acac\windows-amd64\native-platform.dll
0x00007ffe3ca80000 - 0x00007ffe3caf8000 	C:\Users\Admin\.gradle\native\0.2.7\x86_64-windows-gnu\gradle-fileevents.dll
0x00007ffe45710000 - 0x00007ffe4571a000 	C:\Program Files\Microsoft\jdk-17.0.14.7-hotspot\bin\management.dll
0x00007ffe40e20000 - 0x00007ffe40e2b000 	C:\Program Files\Microsoft\jdk-17.0.14.7-hotspot\bin\management_ext.dll
0x00007ffe4e570000 - 0x00007ffe4e578000 	C:\Windows\System32\PSAPI.DLL
0x00007ffe4b110000 - 0x00007ffe4b14b000 	C:\Windows\SYSTEM32\IPHLPAPI.DLL
0x00007ffe4dd70000 - 0x00007ffe4dd78000 	C:\Windows\System32\NSI.dll
0x00007ffe42e60000 - 0x00007ffe42e77000 	C:\Windows\SYSTEM32\dhcpcsvc6.DLL
0x00007ffe43ba0000 - 0x00007ffe43bbd000 	C:\Windows\SYSTEM32\dhcpcsvc.DLL
0x00007ffe4b160000 - 0x00007ffe4b22a000 	C:\Windows\SYSTEM32\DNSAPI.dll
0x00007ffe3cb00000 - 0x00007ffe3cb09000 	C:\Program Files\Microsoft\jdk-17.0.14.7-hotspot\bin\extnet.dll
0x00007ffe4b680000 - 0x00007ffe4b698000 	C:\Windows\SYSTEM32\CRYPTSP.dll
0x00007ffe4ad30000 - 0x00007ffe4ad68000 	C:\Windows\system32\rsaenh.dll
0x00007ffe4bbe0000 - 0x00007ffe4bc0e000 	C:\Windows\SYSTEM32\USERENV.dll
0x00007ffe4b670000 - 0x00007ffe4b67c000 	C:\Windows\SYSTEM32\CRYPTBASE.dll
0x00007ffe469b0000 - 0x00007ffe469be000 	C:\Program Files\Microsoft\jdk-17.0.14.7-hotspot\bin\sunmscapi.dll
0x00007ffe4bea0000 - 0x00007ffe4bffd000 	C:\Windows\System32\CRYPT32.dll
0x00007ffe4b790000 - 0x00007ffe4b7b7000 	C:\Windows\SYSTEM32\ncrypt.dll
0x00007ffe4b750000 - 0x00007ffe4b78b000 	C:\Windows\SYSTEM32\NTASN1.dll
0x00007ffe1fb00000 - 0x00007ffe1fb07000 	C:\Windows\system32\wshunix.dll

dbghelp: loaded successfully - version: 4.0.5 - missing functions: none
symbol engine: initialized successfully - sym options: 0x614 - pdb path: .;C:\Program Files\Microsoft\jdk-17.0.14.7-hotspot\bin;C:\Windows\SYSTEM32;C:\Windows\WinSxS\amd64_microsoft.windows.common-controls_6595b64144ccf1df_6.0.19041.5794_none_60bcd33171f2783c;C:\Program Files\Microsoft\jdk-17.0.14.7-hotspot\bin\server;C:\Users\Admin\.gradle\native\1def1411415f61bf3af743bc5b6707747c0891f09f0c88961ee8f79bc544acac\windows-amd64;C:\Users\Admin\.gradle\native\0.2.7\x86_64-windows-gnu

VM Arguments:
jvm_args: --add-opens=java.base/java.lang=ALL-UNNAMED --add-opens=java.base/java.lang.invoke=ALL-UNNAMED --add-opens=java.base/java.util=ALL-UNNAMED --add-opens=java.prefs/java.util.prefs=ALL-UNNAMED --add-exports=jdk.compiler/com.sun.tools.javac.api=ALL-UNNAMED --add-exports=jdk.compiler/com.sun.tools.javac.util=ALL-UNNAMED --add-opens=java.base/java.util=ALL-UNNAMED --add-opens=java.prefs/java.util.prefs=ALL-UNNAMED --add-opens=java.base/java.nio.charset=ALL-UNNAMED --add-opens=java.base/java.net=ALL-UNNAMED --add-opens=java.base/java.util.concurrent.atomic=ALL-UNNAMED --add-opens=java.xml/javax.xml.namespace=ALL-UNNAMED -XX:MaxMetaspaceSize=512m -Xmx2048m -Dfile.encoding=windows-1252 -Duser.country=IN -Duser.language=en -Duser.variant -javaagent:C:\Users\Admin\.gradle\wrapper\dists\gradle-8.13-bin\5xuhj0ry160q40clulazy9h7d\gradle-8.13\lib\agents\gradle-instrumentation-agent-8.13.jar 
java_command: org.gradle.launcher.daemon.bootstrap.GradleDaemon 8.13
java_class_path (initial): C:\Users\Admin\.gradle\wrapper\dists\gradle-8.13-bin\5xuhj0ry160q40clulazy9h7d\gradle-8.13\lib\gradle-daemon-main-8.13.jar
Launcher Type: SUN_STANDARD

[Global flags]
     intx CICompilerCount                          = 3                                         {product} {ergonomic}
   size_t CompressedClassSpaceSize                 = 436207616                                 {product} {ergonomic}
     uint ConcGCThreads                            = 1                                         {product} {ergonomic}
     uint G1ConcRefinementThreads                  = 4                                         {product} {ergonomic}
   size_t G1HeapRegionSize                         = 1048576                                   {product} {ergonomic}
    uintx GCDrainStackTargetSize                   = 64                                        {product} {ergonomic}
   size_t InitialHeapSize                          = 134217728                                 {product} {ergonomic}
   size_t MarkStackSize                            = 4194304                                   {product} {ergonomic}
   size_t MaxHeapSize                              = 2147483648                                {product} {command line}
   size_t MaxMetaspaceSize                         = 536870912                                 {product} {command line}
   size_t MaxNewSize                               = 1287651328                                {product} {ergonomic}
   size_t MinHeapDeltaBytes                        = 1048576                                   {product} {ergonomic}
   size_t MinHeapSize                              = 8388608                                   {product} {ergonomic}
    uintx NonNMethodCodeHeapSize                   = 5832780                                {pd product} {ergonomic}
    uintx NonProfiledCodeHeapSize                  = 122912730                              {pd product} {ergonomic}
    uintx ProfiledCodeHeapSize                     = 122912730                              {pd product} {ergonomic}
    uintx ReservedCodeCacheSize                    = 251658240                              {pd product} {ergonomic}
     bool SegmentedCodeCache                       = true                                      {product} {ergonomic}
   size_t SoftMaxHeapSize                          = 2147483648                             {manageable} {ergonomic}
     bool UseCompressedClassPointers               = true                           {product lp64_product} {ergonomic}
     bool UseCompressedOops                        = true                           {product lp64_product} {ergonomic}
     bool UseG1GC                                  = true                                      {product} {ergonomic}
     bool UseLargePagesIndividualAllocation        = false                                  {pd product} {ergonomic}

Logging:
Log output configuration:
 #0: stdout all=warning uptime,level,tags
 #1: stderr all=off uptime,level,tags

Environment Variables:
JAVA_HOME=C:\Program Files\Microsoft\jdk-17.0.14.7-hotspot\
CLASSPATH=C:\Users\Admin\Desktop\sample\android\\gradle\wrapper\gradle-wrapper.jar
PATH=C:\Program Files\Eclipse Adoptium\jdk-8.0.442.6-hotspot\bin;C:\Program Files\Microsoft\jdk-17.0.14.7-hotspot\bin;C:\Python313\Scripts\;C:\Python313\;C:\Windows\system32;C:\Windows;C:\Windows\System32\Wbem;C:\Windows\System32\WindowsPowerShell\v1.0\;C:\Windows\System32\OpenSSH\;C:\ProgramData\chocolatey\bin;C:\Program Files\nodejs\;C:\Program Files (x86)\Microsoft SQL Server\100\Tools\Binn\;C:\Program Files (x86)\Microsoft SQL Server\100\DTS\Binn\;C:\Program Files (x86)\Microsoft SQL Server\100\Tools\Binn\VSShell\Common7\IDE\;C:\Program Files\Git\cmd;C:\Users\Admin\AppData\Local\Microsoft\WindowsApps;C:\Users\Admin\AppData\Local\Programs\Microsoft VS Code\bin;C:\Users\Admin\AppData\Roaming\npm
USERNAME=Admin
OS=Windows_NT
PROCESSOR_IDENTIFIER=Intel64 Family 6 Model 61 Stepping 4, GenuineIntel
TMP=C:\Users\Admin\AppData\Local\Temp
TEMP=C:\Users\Admin\AppData\Local\Temp



Periodic native trim disabled


---------------  S Y S T E M  ---------------

OS:
 Windows 10 , 64 bit Build 19041 (10.0.19041.5794)
OS uptime: 3 days 4:04 hours

CPU: total 4 (initial active 4) (2 cores per cpu, 2 threads per core) family 6 model 61 stepping 4 microcode 0x2d, cx8, cmov, fxsr, ht, mmx, 3dnowpref, sse, sse2, sse3, ssse3, sse4.1, sse4.2, popcnt, lzcnt, tsc, tscinvbit, avx, avx2, aes, erms, clmul, bmi1, bmi2, adx, fma, vzeroupper, clflush
Processor Information for the first 4 processors :
  Max Mhz: 2201, Current Mhz: 2200, Mhz Limit: 2178

Memory: 4k page, system-wide physical 8103M (15M free)
TotalPageFile size 20978M (AvailPageFile size 3M)
current process WorkingSet (physical memory assigned to process): 222M, peak: 224M
current process commit charge ("private bytes"): 256M, peak: 283M

vm_info: OpenJDK 64-Bit Server VM (17.0.14+7-LTS) for windows-amd64 JRE (17.0.14+7-LTS), built on Jan  8 2025 23:39:28 by "MicrosoftCorporation" with unknown MS VC++:1939

END.
